Jun-27 15:51:23.777 [main] DEBUG nextflow.cli.Launcher - $> nextflow run /home/benjamin/Documents/hich2/hich.nf -resume
Jun-27 15:51:24.280 [main] DEBUG nextflow.cli.CmdRun - N E X T F L O W  ~  version 24.04.2
Jun-27 15:51:24.294 [main] DEBUG nextflow.plugin.PluginsFacade - Setting up plugin manager > mode=prod; embedded=false; plugins-dir=/home/benjamin/.nextflow/plugins; core-plugins: nf-amazon@2.5.2,nf-azure@1.6.0,nf-cloudcache@0.4.1,nf-codecommit@0.2.0,nf-console@1.1.3,nf-ga4gh@1.3.0,nf-google@1.13.2,nf-tower@1.9.1,nf-wave@1.4.2
Jun-27 15:51:24.301 [main] INFO  o.pf4j.DefaultPluginStatusProvider - Enabled plugins: []
Jun-27 15:51:24.302 [main] INFO  o.pf4j.DefaultPluginStatusProvider - Disabled plugins: []
Jun-27 15:51:24.304 [main] INFO  org.pf4j.DefaultPluginManager - PF4J version 3.10.0 in 'deployment' mode
Jun-27 15:51:24.315 [main] INFO  org.pf4j.AbstractPluginManager - No plugins
Jun-27 15:51:24.331 [main] DEBUG nextflow.config.ConfigBuilder - Found config local: /home/benjamin/Documents/hich2/nextflow.config
Jun-27 15:51:24.333 [main] DEBUG nextflow.config.ConfigBuilder - Parsing config file: /home/benjamin/Documents/hich2/nextflow.config
Jun-27 15:51:24.354 [main] DEBUG n.secret.LocalSecretsProvider - Secrets store: /home/benjamin/.nextflow/secrets/store.json
Jun-27 15:51:24.356 [main] DEBUG nextflow.secret.SecretsLoader - Discovered secrets providers: [nextflow.secret.LocalSecretsProvider@3bc735b3] - activable => nextflow.secret.LocalSecretsProvider@3bc735b3
Jun-27 15:51:24.360 [main] DEBUG nextflow.config.ConfigBuilder - Applying config profile: `standard`
Jun-27 15:51:24.760 [main] DEBUG nextflow.cli.CmdRun - Applied DSL=2 by global default
Jun-27 15:51:24.775 [main] DEBUG nextflow.cli.CmdRun - Launching `/home/benjamin/Documents/hich2/hich.nf` [trusting_gates] DSL2 - revision: 5a21d50f32
Jun-27 15:51:24.776 [main] DEBUG nextflow.plugin.PluginsFacade - Plugins default=[]
Jun-27 15:51:24.776 [main] DEBUG nextflow.plugin.PluginsFacade - Plugins resolved requirement=[]
Jun-27 15:51:24.814 [main] DEBUG nextflow.Session - Session UUID: 3039526f-5ad3-4a80-9a57-aa9ca3002651
Jun-27 15:51:24.815 [main] DEBUG nextflow.Session - Run name: trusting_gates
Jun-27 15:51:24.815 [main] DEBUG nextflow.Session - Executor pool size: 20
Jun-27 15:51:24.823 [main] DEBUG nextflow.file.FilePorter - File porter settings maxRetries=3; maxTransfers=50; pollTimeout=null
Jun-27 15:51:24.829 [main] DEBUG nextflow.util.ThreadPoolBuilder - Creating thread pool 'FileTransfer' minSize=10; maxSize=60; workQueue=LinkedBlockingQueue[10000]; allowCoreThreadTimeout=false
Jun-27 15:51:24.844 [main] DEBUG nextflow.cli.CmdRun - 
  Version: 24.04.2 build 5914
  Created: 29-05-2024 06:19 UTC (28-05-2024 23:19 PDT)
  System: Linux 6.5.0-41-generic
  Runtime: Groovy 4.0.21 on OpenJDK 64-Bit Server VM 20.0.2-internal-adhoc..src
  Encoding: UTF-8 (UTF-8)
  Process: 669844@Odysseus [127.0.1.1]
  CPUs: 20 - Mem: 31.3 GB (15 GB) - Swap: 2 GB (444 KB)
Jun-27 15:51:25.438 [main] DEBUG nextflow.Session - Work-dir: /home/benjamin/Documents/hich2/work [ext2/ext3]
Jun-27 15:51:25.439 [main] DEBUG nextflow.Session - Script base path does not exist or is not a directory: /home/benjamin/Documents/hich2/bin
Jun-27 15:51:25.445 [main] DEBUG nextflow.executor.ExecutorFactory - Extension executors providers=[]
Jun-27 15:51:25.451 [main] DEBUG nextflow.Session - Observer factory: DefaultObserverFactory
Jun-27 15:51:25.466 [main] DEBUG nextflow.cache.CacheFactory - Using Nextflow cache factory: nextflow.cache.DefaultCacheFactory
Jun-27 15:51:25.472 [main] DEBUG nextflow.util.CustomThreadPool - Creating default thread pool > poolSize: 21; maxThreads: 1000
Jun-27 15:51:25.511 [main] DEBUG nextflow.Session - Session start
Jun-27 15:51:27.043 [main] DEBUG nextflow.script.ScriptRunner - > Launching execution
Jun-27 15:51:27.228 [main] DEBUG nextflow.executor.ExecutorFactory - << taskConfig executor: null
Jun-27 15:51:27.228 [main] DEBUG nextflow.executor.ExecutorFactory - >> processorType: 'local'
Jun-27 15:51:27.232 [main] DEBUG nextflow.executor.Executor - [warm up] executor > local
Jun-27 15:51:27.236 [main] DEBUG n.processor.LocalPollingMonitor - Creating local task monitor for executor 'local' > cpus=20; memory=31.3 GB; capacity=20; pollInterval=100ms; dumpInterval=5m
Jun-27 15:51:27.237 [main] DEBUG n.processor.TaskPollingMonitor - >>> barrier register (monitor: local)
Jun-27 15:51:27.305 [main] DEBUG nextflow.executor.ExecutorFactory - << taskConfig executor: null
Jun-27 15:51:27.305 [main] DEBUG nextflow.executor.ExecutorFactory - >> processorType: 'local'
Jun-27 15:51:27.341 [main] DEBUG nextflow.executor.ExecutorFactory - << taskConfig executor: null
Jun-27 15:51:27.341 [main] DEBUG nextflow.executor.ExecutorFactory - >> processorType: 'local'
Jun-27 15:51:27.386 [main] DEBUG nextflow.executor.ExecutorFactory - << taskConfig executor: null
Jun-27 15:51:27.386 [main] DEBUG nextflow.executor.ExecutorFactory - >> processorType: 'local'
Jun-27 15:51:27.412 [main] DEBUG nextflow.executor.ExecutorFactory - << taskConfig executor: null
Jun-27 15:51:27.412 [main] DEBUG nextflow.executor.ExecutorFactory - >> processorType: 'local'
Jun-27 15:51:27.470 [main] DEBUG nextflow.executor.ExecutorFactory - << taskConfig executor: null
Jun-27 15:51:27.470 [main] DEBUG nextflow.executor.ExecutorFactory - >> processorType: 'local'
Jun-27 15:51:27.509 [main] DEBUG nextflow.executor.ExecutorFactory - << taskConfig executor: null
Jun-27 15:51:27.509 [main] DEBUG nextflow.executor.ExecutorFactory - >> processorType: 'local'
Jun-27 15:51:27.547 [main] DEBUG nextflow.executor.ExecutorFactory - << taskConfig executor: null
Jun-27 15:51:27.547 [main] DEBUG nextflow.executor.ExecutorFactory - >> processorType: 'local'
Jun-27 15:51:27.585 [main] DEBUG nextflow.executor.ExecutorFactory - << taskConfig executor: null
Jun-27 15:51:27.585 [main] DEBUG nextflow.executor.ExecutorFactory - >> processorType: 'local'
Jun-27 15:51:27.606 [main] DEBUG nextflow.executor.ExecutorFactory - << taskConfig executor: null
Jun-27 15:51:27.606 [main] DEBUG nextflow.executor.ExecutorFactory - >> processorType: 'local'
Jun-27 15:51:27.649 [main] DEBUG nextflow.executor.ExecutorFactory - << taskConfig executor: null
Jun-27 15:51:27.649 [main] DEBUG nextflow.executor.ExecutorFactory - >> processorType: 'local'
Jun-27 15:51:27.668 [main] DEBUG nextflow.executor.ExecutorFactory - << taskConfig executor: null
Jun-27 15:51:27.668 [main] DEBUG nextflow.executor.ExecutorFactory - >> processorType: 'local'
Jun-27 15:51:27.691 [main] DEBUG nextflow.executor.ExecutorFactory - << taskConfig executor: null
Jun-27 15:51:27.692 [main] DEBUG nextflow.executor.ExecutorFactory - >> processorType: 'local'
Jun-27 15:51:27.727 [main] DEBUG nextflow.executor.ExecutorFactory - << taskConfig executor: null
Jun-27 15:51:27.727 [main] DEBUG nextflow.executor.ExecutorFactory - >> processorType: 'local'
Jun-27 15:51:27.760 [main] DEBUG nextflow.Session - Workflow process names [dsl2]: MakeMissingIndex:BwaMem2Index, BwaMem2Index, OptionalFragtag:JoinProcessResults:Fragtag, TechrepsToBioreps:JoinProcessResults:Merge, MakeDigest, Fragtag, MakeMissingDigest:MakeResourceFile:MakeDigest, PairtoolsSelect, StageReferences, IngestPairs:JoinProcessResults:PairtoolsFlipSort, JuicerToolsPre, MakeMissingChromsizes:MakeResourceFile:MakeChromsizes, Align:JoinProcessResults:BwaMem2Align, Deduplicate:JoinProcessResults:PairtoolsDedup, BwaMem2Align, TryDownloadMissingReferences:StageReferences, MakeChromsizes, MakeMcool:JoinProcessResults:CoolerZoomify, MakeHic:JoinProcessResults:JuicerToolsPre, PairtoolsParse2, Merge, CoolerZoomify, PairtoolsDedup, Select:JoinProcessResults:PairtoolsSelect, PairtoolsFlipSort, BiorepsToConditions:JoinProcessResults:Merge, Parse:JoinProcessResults:PairtoolsParse2
Jun-27 15:51:27.761 [main] DEBUG nextflow.Session - Igniting dataflow network (15)
Jun-27 15:51:27.765 [main] DEBUG nextflow.processor.TaskProcessor - Starting process > TryDownloadMissingReferences:StageReferences
Jun-27 15:51:27.765 [main] DEBUG nextflow.processor.TaskProcessor - Starting process > MakeMissingChromsizes:MakeResourceFile:MakeChromsizes
Jun-27 15:51:27.765 [main] DEBUG nextflow.processor.TaskProcessor - Starting process > MakeMissingIndex:BwaMem2Index
Jun-27 15:51:27.765 [main] DEBUG nextflow.processor.TaskProcessor - Starting process > MakeMissingDigest:MakeResourceFile:MakeDigest
Jun-27 15:51:27.765 [main] DEBUG nextflow.processor.TaskProcessor - Starting process > Align:JoinProcessResults:BwaMem2Align
Jun-27 15:51:27.765 [main] DEBUG nextflow.processor.TaskProcessor - Starting process > Parse:JoinProcessResults:PairtoolsParse2
Jun-27 15:51:27.765 [main] DEBUG nextflow.processor.TaskProcessor - Starting process > IngestPairs:JoinProcessResults:PairtoolsFlipSort
Jun-27 15:51:27.765 [main] DEBUG nextflow.processor.TaskProcessor - Starting process > OptionalFragtag:JoinProcessResults:Fragtag
Jun-27 15:51:27.765 [main] DEBUG nextflow.processor.TaskProcessor - Starting process > TechrepsToBioreps:JoinProcessResults:Merge
Jun-27 15:51:27.766 [main] DEBUG nextflow.processor.TaskProcessor - Starting process > Deduplicate:JoinProcessResults:PairtoolsDedup
Jun-27 15:51:27.766 [main] DEBUG nextflow.processor.TaskProcessor - Starting process > BiorepsToConditions:JoinProcessResults:Merge
Jun-27 15:51:27.766 [main] DEBUG nextflow.processor.TaskProcessor - Starting process > Select:JoinProcessResults:PairtoolsSelect
Jun-27 15:51:27.766 [main] DEBUG nextflow.processor.TaskProcessor - Starting process > MakeHic:JoinProcessResults:JuicerToolsPre
Jun-27 15:51:27.766 [main] DEBUG nextflow.processor.TaskProcessor - Starting process > MakeMcool:JoinProcessResults:CoolerZoomify
Jun-27 15:51:27.766 [main] DEBUG nextflow.script.ScriptRunner - Parsed script files:
  Script_52508b800caa4910: /home/benjamin/Documents/hich2/hich.nf
Jun-27 15:51:27.766 [main] DEBUG nextflow.script.ScriptRunner - > Awaiting termination 
Jun-27 15:51:27.767 [main] DEBUG nextflow.Session - Session await
Jun-27 15:51:27.945 [Actor Thread 13] INFO  nextflow.processor.TaskProcessor - [03/86c17f] Cached process > Align:JoinProcessResults:BwaMem2Align (1)
Jun-27 15:51:27.997 [Actor Thread 8] INFO  nextflow.processor.TaskProcessor - [28/0be7b2] Cached process > Parse:JoinProcessResults:PairtoolsParse2 (1)
Jun-27 15:51:28.017 [Actor Thread 11] INFO  nextflow.processor.TaskProcessor - [bb/4f5243] Cached process > OptionalFragtag:JoinProcessResults:Fragtag (1)
Jun-27 15:51:28.034 [Actor Thread 15] INFO  nextflow.processor.TaskProcessor - [0c/51411f] Cached process > TechrepsToBioreps:JoinProcessResults:Merge (1)
Jun-27 15:51:28.046 [Actor Thread 11] INFO  nextflow.processor.TaskProcessor - [28/96caef] Cached process > Deduplicate:JoinProcessResults:PairtoolsDedup (1)
Jun-27 15:51:28.066 [Actor Thread 16] INFO  nextflow.processor.TaskProcessor - [6d/1027fe] Cached process > BiorepsToConditions:JoinProcessResults:Merge (1)
Jun-27 15:51:28.091 [Actor Thread 15] INFO  nextflow.processor.TaskProcessor - [38/757fad] Cached process > Select:JoinProcessResults:PairtoolsSelect (3)
Jun-27 15:51:28.093 [Actor Thread 16] INFO  nextflow.processor.TaskProcessor - [96/46619f] Cached process > Select:JoinProcessResults:PairtoolsSelect (1)
Jun-27 15:51:28.095 [Actor Thread 7] INFO  nextflow.processor.TaskProcessor - [1e/b589d5] Cached process > Select:JoinProcessResults:PairtoolsSelect (2)
Jun-27 15:51:28.114 [Actor Thread 9] INFO  nextflow.processor.TaskProcessor - [2b/7bca9e] Cached process > MakeHic:JoinProcessResults:JuicerToolsPre (1)
Jun-27 15:51:28.117 [Actor Thread 16] INFO  nextflow.processor.TaskProcessor - [91/174f08] Cached process > MakeHic:JoinProcessResults:JuicerToolsPre (3)
Jun-27 15:51:28.118 [Actor Thread 17] INFO  nextflow.processor.TaskProcessor - [75/c10a48] Cached process > MakeHic:JoinProcessResults:JuicerToolsPre (2)
Jun-27 15:51:28.142 [Actor Thread 9] DEBUG nextflow.conda.CondaCache - conda found local env for environment=cooler; path=/home/benjamin/Documents/hich2/work/conda/env-976f9224e23469c03097f5e928164d0f
Jun-27 15:51:28.145 [Actor Thread 15] INFO  nextflow.processor.TaskProcessor - [75/46d5d0] Cached process > MakeMcool:JoinProcessResults:CoolerZoomify (2)
Jun-27 15:51:28.145 [Actor Thread 7] INFO  nextflow.processor.TaskProcessor - [97/62b3c2] Cached process > MakeMcool:JoinProcessResults:CoolerZoomify (3)
Jun-27 15:51:28.145 [Actor Thread 13] INFO  nextflow.processor.TaskProcessor - [5e/d06e4c] Cached process > MakeMcool:JoinProcessResults:CoolerZoomify (1)
Jun-27 15:51:28.148 [main] DEBUG nextflow.Session - Session await > all processes finished
Jun-27 15:51:28.241 [Task monitor] DEBUG n.processor.TaskPollingMonitor - <<< barrier arrives (monitor: local) - terminating tasks monitor poll loop
Jun-27 15:51:28.242 [main] DEBUG nextflow.Session - Session await > all barriers passed
Jun-27 15:51:28.246 [main] DEBUG n.trace.WorkflowStatsObserver - Workflow completed > WorkflowStats[succeededCount=0; failedCount=0; ignoredCount=0; cachedCount=15; pendingCount=0; submittedCount=0; runningCount=0; retriesCount=0; abortedCount=0; succeedDuration=0ms; failedDuration=0ms; cachedDuration=8m 22s;loadCpus=0; loadMemory=0; peakRunning=0; peakCpus=0; peakMemory=0; ]
Jun-27 15:51:28.372 [main] DEBUG nextflow.cache.CacheDB - Closing CacheDB done
Jun-27 15:51:28.467 [main] DEBUG nextflow.util.ThreadPoolManager - Thread pool 'FileTransfer' shutdown completed (hard=false)
Jun-27 15:51:28.467 [main] DEBUG nextflow.script.ScriptRunner - > Execution complete -- Goodbye
